<?xml version="1.0" encoding="UTF-8"?>
<testsuite name="com.study.board.BoardApplicationTests" tests="1" skipped="0" failures="0" errors="0" timestamp="2022-08-16T13:03:47" hostname="kangkyunghyun.local" time="0.079">
  <properties/>
  <testcase name="contextLoads()" classname="com.study.board.BoardApplicationTests" time="0.079"/>
  <system-out><![CDATA[22:03:46.030 [Test worker] DEBUG org.springframework.test.context.BootstrapUtils - Instantiating CacheAwareContextLoaderDelegate from class [org.springframework.test.context.cache.DefaultCacheAwareContextLoaderDelegate]
22:03:46.035 [Test worker] DEBUG org.springframework.test.context.BootstrapUtils - Instantiating BootstrapContext using constructor [public org.springframework.test.context.support.DefaultBootstrapContext(java.lang.Class,org.springframework.test.context.CacheAwareContextLoaderDelegate)]
22:03:46.059 [Test worker] DEBUG org.springframework.test.context.BootstrapUtils - Instantiating TestContextBootstrapper for test class [com.study.board.BoardApplicationTests] from class [org.springframework.boot.test.context.SpringBootTestContextBootstrapper]
22:03:46.063 [Test worker] INFO org.springframework.boot.test.context.SpringBootTestContextBootstrapper - Neither @ContextConfiguration nor @ContextHierarchy found for test class [com.study.board.BoardApplicationTests], using SpringBootContextLoader
22:03:46.067 [Test worker] DEBUG org.springframework.test.context.support.AbstractContextLoader - Did not detect default resource location for test class [com.study.board.BoardApplicationTests]: class path resource [com/study/board/BoardApplicationTests-context.xml] does not exist
22:03:46.067 [Test worker] DEBUG org.springframework.test.context.support.AbstractContextLoader - Did not detect default resource location for test class [com.study.board.BoardApplicationTests]: class path resource [com/study/board/BoardApplicationTestsContext.groovy] does not exist
22:03:46.067 [Test worker] INFO org.springframework.test.context.support.AbstractContextLoader - Could not detect default resource locations for test class [com.study.board.BoardApplicationTests]: no resource found for suffixes {-context.xml, Context.groovy}.
22:03:46.067 [Test worker] INFO org.springframework.test.context.support.AnnotationConfigContextLoaderUtils - Could not detect default configuration classes for test class [com.study.board.BoardApplicationTests]: BoardApplicationTests does not declare any static, non-private, non-final, nested classes annotated with @Configuration.
22:03:46.094 [Test worker] DEBUG org.springframework.test.context.support.ActiveProfilesUtils - Could not find an 'annotation declaring class' for annotation type [org.springframework.test.context.ActiveProfiles] and class [com.study.board.BoardApplicationTests]
22:03:46.127 [Test worker] DEBUG org.springframework.context.annotation.ClassPathScanningCandidateComponentProvider - Identified candidate component class: file [/Users/kangkyunghyun/Projects/2022KHUromise/khuromise/build/classes/java/main/com/study/board/BoardApplication.class]
22:03:46.128 [Test worker] INFO org.springframework.boot.test.context.SpringBootTestContextBootstrapper - Found @SpringBootConfiguration com.study.board.BoardApplication for test class com.study.board.BoardApplicationTests
22:03:46.160 [Test worker] DEBUG org.springframework.boot.test.context.SpringBootTestContextBootstrapper - @TestExecutionListeners is not present for class [com.study.board.BoardApplicationTests]: using defaults.
22:03:46.160 [Test worker] INFO org.springframework.boot.test.context.SpringBootTestContextBootstrapper - Loaded default TestExecutionListener class names from location [META-INF/spring.factories]: [org.springframework.boot.test.autoconfigure.restdocs.RestDocsTestExecutionListener, org.springframework.boot.test.autoconfigure.web.client.MockRestServiceServerResetTestExecutionListener, org.springframework.boot.test.autoconfigure.web.servlet.MockMvcPrintOnlyOnFailureTestExecutionListener, org.springframework.boot.test.autoconfigure.web.servlet.WebDriverTestExecutionListener, org.springframework.boot.test.autoconfigure.webservices.client.MockWebServiceServerTestExecutionListener, org.springframework.boot.test.mock.mockito.MockitoTestExecutionListener, org.springframework.boot.test.mock.mockito.ResetMocksTestExecutionListener, org.springframework.test.context.web.ServletTestExecutionListener, org.springframework.test.context.support.DirtiesContextBeforeModesTestExecutionListener, org.springframework.test.context.event.ApplicationEventsTestExecutionListener, org.springframework.test.context.support.DependencyInjectionTestExecutionListener, org.springframework.test.context.support.DirtiesContextTestExecutionListener, org.springframework.test.context.transaction.TransactionalTestExecutionListener, org.springframework.test.context.jdbc.SqlScriptsTestExecutionListener, org.springframework.test.context.event.EventPublishingTestExecutionListener]
22:03:46.171 [Test worker] INFO org.springframework.boot.test.context.SpringBootTestContextBootstrapper - Using TestExecutionListeners: [org.springframework.test.context.web.ServletTestExecutionListener@1c7fd41f, org.springframework.test.context.support.DirtiesContextBeforeModesTestExecutionListener@3b77a04f, org.springframework.test.context.event.ApplicationEventsTestExecutionListener@7b324585, org.springframework.boot.test.mock.mockito.MockitoTestExecutionListener@2e11485, org.springframework.boot.test.autoconfigure.SpringBootDependencyInjectionTestExecutionListener@60dce7ea, org.springframework.test.context.support.DirtiesContextTestExecutionListener@662f5666, org.springframework.test.context.transaction.TransactionalTestExecutionListener@fd8294b, org.springframework.test.context.jdbc.SqlScriptsTestExecutionListener@5974109, org.springframework.test.context.event.EventPublishingTestExecutionListener@27305e6, org.springframework.boot.test.autoconfigure.restdocs.RestDocsTestExecutionListener@1ef3efa8, org.springframework.boot.test.autoconfigure.web.client.MockRestServiceServerResetTestExecutionListener@502f1f4c, org.springframework.boot.test.autoconfigure.web.servlet.MockMvcPrintOnlyOnFailureTestExecutionListener@6f8f9349, org.springframework.boot.test.autoconfigure.web.servlet.WebDriverTestExecutionListener@75c9e76b, org.springframework.boot.test.autoconfigure.webservices.client.MockWebServiceServerTestExecutionListener@7446d8d5, org.springframework.boot.test.mock.mockito.ResetMocksTestExecutionListener@5c3b6c6e]
22:03:46.172 [Test worker] DEBUG org.springframework.test.context.support.AbstractDirtiesContextTestExecutionListener - Before test class: context [DefaultTestContext@40f1be1b testClass = BoardApplicationTests, testInstance = [null], testMethod = [null], testException = [null], mergedContextConfiguration = [WebMergedContextConfiguration@7a791b66 testClass = BoardApplicationTests, locations = '{}', classes = '{class com.study.board.BoardApplication}', contextInitializerClasses = '[]', activeProfiles = '{}', propertySourceLocations = '{}', propertySourceProperties = '{org.springframework.boot.test.context.SpringBootTestContextBootstrapper=true}', contextCustomizers = set[org.springframework.boot.test.autoconfigure.actuate.metrics.MetricsExportContextCustomizerFactory$DisableMetricExportContextCustomizer@14bee915, org.springframework.boot.test.autoconfigure.properties.PropertyMappingContextCustomizer@0, org.springframework.boot.test.autoconfigure.web.servlet.WebDriverContextCustomizerFactory$Customizer@7922d892, org.springframework.boot.test.context.filter.ExcludeFilterContextCustomizer@1e8b7643, org.springframework.boot.test.json.DuplicateJsonObjectContextCustomizerFactory$DuplicateJsonObjectContextCustomizer@432038ec, org.springframework.boot.test.mock.mockito.MockitoContextCustomizer@0, org.springframework.boot.test.web.client.TestRestTemplateContextCustomizer@413f69cc, org.springframework.boot.test.context.SpringBootTestArgs@1, org.springframework.boot.test.context.SpringBootTestWebEnvironment@4961f6af], resourceBasePath = 'src/main/webapp', contextLoader = 'org.springframework.boot.test.context.SpringBootContextLoader', parent = [null]], attributes = map['org.springframework.test.context.web.ServletTestExecutionListener.activateListener' -> true]], class annotated with @DirtiesContext [false] with mode [null].

  .   ____          _            __ _ _
 /\\ / ___'_ __ _ _(_)_ __  __ _ \ \ \ \
( ( )\___ | '_ | '_| | '_ \/ _` | \ \ \ \
 \\/  ___)| |_)| | | | | || (_| |  ) ) ) )
  '  |____| .__|_| |_|_| |_\__, | / / / /
 =========|_|==============|___/=/_/_/_/
 :: Spring Boot ::                (v2.7.2)

2022-08-16 22:03:46.282  INFO 46056 --- [    Test worker] com.study.board.BoardApplicationTests    : Starting BoardApplicationTests using Java 18.0.2 on kangkyunghyun.local with PID 46056 (started by kangkyunghyun in /Users/kangkyunghyun/Projects/2022KHUromise/khuromise)
2022-08-16 22:03:46.283  INFO 46056 --- [    Test worker] com.study.board.BoardApplicationTests    : No active profile set, falling back to 1 default profile: "default"
2022-08-16 22:03:46.533  INFO 46056 --- [    Test worker] .s.d.r.c.RepositoryConfigurationDelegate : Bootstrapping Spring Data JPA repositories in DEFAULT mode.
2022-08-16 22:03:46.553  INFO 46056 --- [    Test worker] .s.d.r.c.RepositoryConfigurationDelegate : Finished Spring Data repository scanning in 16 ms. Found 1 JPA repository interfaces.
2022-08-16 22:03:46.776  INFO 46056 --- [    Test worker] com.zaxxer.hikari.HikariDataSource       : HikariPool-1 - Starting...
2022-08-16 22:03:46.808  INFO 46056 --- [    Test worker] com.zaxxer.hikari.HikariDataSource       : HikariPool-1 - Start completed.
2022-08-16 22:03:46.838  INFO 46056 --- [    Test worker] o.hibernate.jpa.internal.util.LogHelper  : HHH000204: Processing PersistenceUnitInfo [name: default]
2022-08-16 22:03:46.857  INFO 46056 --- [    Test worker] org.hibernate.Version                    : HHH000412: Hibernate ORM core version 5.6.10.Final
2022-08-16 22:03:46.920  INFO 46056 --- [    Test worker] o.hibernate.annotations.common.Version   : HCANN000001: Hibernate Commons Annotations {5.1.2.Final}
2022-08-16 22:03:46.978  INFO 46056 --- [    Test worker] org.hibernate.dialect.Dialect            : HHH000400: Using dialect: org.hibernate.dialect.MariaDB106Dialect
2022-08-16 22:03:47.205  INFO 46056 --- [    Test worker] o.h.e.t.j.p.i.JtaPlatformInitiator       : HHH000490: Using JtaPlatform implementation: [org.hibernate.engine.transaction.jta.platform.internal.NoJtaPlatform]
2022-08-16 22:03:47.208  INFO 46056 --- [    Test worker] j.LocalContainerEntityManagerFactoryBean : Initialized JPA EntityManagerFactory for persistence unit 'default'
2022-08-16 22:03:47.452  WARN 46056 --- [    Test worker] JpaBaseConfiguration$JpaWebConfiguration : spring.jpa.open-in-view is enabled by default. Therefore, database queries may be performed during view rendering. Explicitly configure spring.jpa.open-in-view to disable this warning
2022-08-16 22:03:47.557  INFO 46056 --- [    Test worker] o.s.b.a.w.s.WelcomePageHandlerMapping    : Adding welcome page: class path resource [static/index.html]
2022-08-16 22:03:47.698  INFO 46056 --- [    Test worker] com.study.board.BoardApplicationTests    : Started BoardApplicationTests in 1.512 seconds (JVM running for 1.974)
]]></system-out>
  <system-err><![CDATA[]]></system-err>
</testsuite>
