<?xml version="1.0" encoding="UTF-8"?>
<testsuite name="com.study.board.BoardApplicationTests" tests="1" skipped="0" failures="0" errors="0" timestamp="2022-08-23T08:14:31" hostname="siyun-iuiui-MacBookAir.local" time="0.383">
  <properties/>
  <testcase name="contextLoads()" classname="com.study.board.BoardApplicationTests" time="0.383"/>
  <system-out><![CDATA[17:14:22.372 [Test worker] DEBUG org.springframework.test.context.BootstrapUtils - Instantiating CacheAwareContextLoaderDelegate from class [org.springframework.test.context.cache.DefaultCacheAwareContextLoaderDelegate]
17:14:22.396 [Test worker] DEBUG org.springframework.test.context.BootstrapUtils - Instantiating BootstrapContext using constructor [public org.springframework.test.context.support.DefaultBootstrapContext(java.lang.Class,org.springframework.test.context.CacheAwareContextLoaderDelegate)]
17:14:22.493 [Test worker] DEBUG org.springframework.test.context.BootstrapUtils - Instantiating TestContextBootstrapper for test class [com.study.board.BoardApplicationTests] from class [org.springframework.boot.test.context.SpringBootTestContextBootstrapper]
17:14:22.518 [Test worker] INFO org.springframework.boot.test.context.SpringBootTestContextBootstrapper - Neither @ContextConfiguration nor @ContextHierarchy found for test class [com.study.board.BoardApplicationTests], using SpringBootContextLoader
17:14:22.528 [Test worker] DEBUG org.springframework.test.context.support.AbstractContextLoader - Did not detect default resource location for test class [com.study.board.BoardApplicationTests]: class path resource [com/study/board/BoardApplicationTests-context.xml] does not exist
17:14:22.529 [Test worker] DEBUG org.springframework.test.context.support.AbstractContextLoader - Did not detect default resource location for test class [com.study.board.BoardApplicationTests]: class path resource [com/study/board/BoardApplicationTestsContext.groovy] does not exist
17:14:22.530 [Test worker] INFO org.springframework.test.context.support.AbstractContextLoader - Could not detect default resource locations for test class [com.study.board.BoardApplicationTests]: no resource found for suffixes {-context.xml, Context.groovy}.
17:14:22.530 [Test worker] INFO org.springframework.test.context.support.AnnotationConfigContextLoaderUtils - Could not detect default configuration classes for test class [com.study.board.BoardApplicationTests]: BoardApplicationTests does not declare any static, non-private, non-final, nested classes annotated with @Configuration.
17:14:22.603 [Test worker] DEBUG org.springframework.test.context.support.ActiveProfilesUtils - Could not find an 'annotation declaring class' for annotation type [org.springframework.test.context.ActiveProfiles] and class [com.study.board.BoardApplicationTests]
17:14:22.751 [Test worker] DEBUG org.springframework.context.annotation.ClassPathScanningCandidateComponentProvider - Identified candidate component class: file [/Users/siyunsmacbook/Desktop/khuromise/build/classes/java/main/com/study/board/BoardApplication.class]
17:14:22.756 [Test worker] INFO org.springframework.boot.test.context.SpringBootTestContextBootstrapper - Found @SpringBootConfiguration com.study.board.BoardApplication for test class com.study.board.BoardApplicationTests
17:14:22.881 [Test worker] DEBUG org.springframework.boot.test.context.SpringBootTestContextBootstrapper - @TestExecutionListeners is not present for class [com.study.board.BoardApplicationTests]: using defaults.
17:14:22.882 [Test worker] INFO org.springframework.boot.test.context.SpringBootTestContextBootstrapper - Loaded default TestExecutionListener class names from location [META-INF/spring.factories]: [org.springframework.boot.test.autoconfigure.restdocs.RestDocsTestExecutionListener, org.springframework.boot.test.autoconfigure.web.client.MockRestServiceServerResetTestExecutionListener, org.springframework.boot.test.autoconfigure.web.servlet.MockMvcPrintOnlyOnFailureTestExecutionListener, org.springframework.boot.test.autoconfigure.web.servlet.WebDriverTestExecutionListener, org.springframework.boot.test.autoconfigure.webservices.client.MockWebServiceServerTestExecutionListener, org.springframework.boot.test.mock.mockito.MockitoTestExecutionListener, org.springframework.boot.test.mock.mockito.ResetMocksTestExecutionListener, org.springframework.test.context.web.ServletTestExecutionListener, org.springframework.test.context.support.DirtiesContextBeforeModesTestExecutionListener, org.springframework.test.context.event.ApplicationEventsTestExecutionListener, org.springframework.test.context.support.DependencyInjectionTestExecutionListener, org.springframework.test.context.support.DirtiesContextTestExecutionListener, org.springframework.test.context.transaction.TransactionalTestExecutionListener, org.springframework.test.context.jdbc.SqlScriptsTestExecutionListener, org.springframework.test.context.event.EventPublishingTestExecutionListener]
17:14:22.917 [Test worker] INFO org.springframework.boot.test.context.SpringBootTestContextBootstrapper - Using TestExecutionListeners: [org.springframework.test.context.web.ServletTestExecutionListener@60dce7ea, org.springframework.test.context.support.DirtiesContextBeforeModesTestExecutionListener@662f5666, org.springframework.test.context.event.ApplicationEventsTestExecutionListener@fd8294b, org.springframework.boot.test.mock.mockito.MockitoTestExecutionListener@5974109, org.springframework.boot.test.autoconfigure.SpringBootDependencyInjectionTestExecutionListener@27305e6, org.springframework.test.context.support.DirtiesContextTestExecutionListener@1ef3efa8, org.springframework.test.context.transaction.TransactionalTestExecutionListener@502f1f4c, org.springframework.test.context.jdbc.SqlScriptsTestExecutionListener@6f8f9349, org.springframework.test.context.event.EventPublishingTestExecutionListener@75c9e76b, org.springframework.boot.test.autoconfigure.restdocs.RestDocsTestExecutionListener@7446d8d5, org.springframework.boot.test.autoconfigure.web.client.MockRestServiceServerResetTestExecutionListener@5c3b6c6e, org.springframework.boot.test.autoconfigure.web.servlet.MockMvcPrintOnlyOnFailureTestExecutionListener@4fbda97b, org.springframework.boot.test.autoconfigure.web.servlet.WebDriverTestExecutionListener@75f5fd58, org.springframework.boot.test.autoconfigure.webservices.client.MockWebServiceServerTestExecutionListener@37b70343, org.springframework.boot.test.mock.mockito.ResetMocksTestExecutionListener@306851c7]
17:14:22.922 [Test worker] DEBUG org.springframework.test.context.support.AbstractDirtiesContextTestExecutionListener - Before test class: context [DefaultTestContext@590c73d3 testClass = BoardApplicationTests, testInstance = [null], testMethod = [null], testException = [null], mergedContextConfiguration = [WebMergedContextConfiguration@6b9ce1bf testClass = BoardApplicationTests, locations = '{}', classes = '{class com.study.board.BoardApplication}', contextInitializerClasses = '[]', activeProfiles = '{}', propertySourceLocations = '{}', propertySourceProperties = '{org.springframework.boot.test.context.SpringBootTestContextBootstrapper=true}', contextCustomizers = set[org.springframework.boot.test.autoconfigure.actuate.metrics.MetricsExportContextCustomizerFactory$DisableMetricExportContextCustomizer@3af0a9da, org.springframework.boot.test.autoconfigure.properties.PropertyMappingContextCustomizer@0, org.springframework.boot.test.autoconfigure.web.servlet.WebDriverContextCustomizerFactory$Customizer@3f57bcad, org.springframework.boot.test.context.filter.ExcludeFilterContextCustomizer@36a5cabc, org.springframework.boot.test.json.DuplicateJsonObjectContextCustomizerFactory$DuplicateJsonObjectContextCustomizer@181e731e, org.springframework.boot.test.mock.mockito.MockitoContextCustomizer@0, org.springframework.boot.test.web.client.TestRestTemplateContextCustomizer@3bd323e9, org.springframework.boot.test.context.SpringBootTestArgs@1, org.springframework.boot.test.context.SpringBootTestWebEnvironment@75db5df9], resourceBasePath = 'src/main/webapp', contextLoader = 'org.springframework.boot.test.context.SpringBootContextLoader', parent = [null]], attributes = map['org.springframework.test.context.web.ServletTestExecutionListener.activateListener' -> true]], class annotated with @DirtiesContext [false] with mode [null].

  .   ____          _            __ _ _
 /\\ / ___'_ __ _ _(_)_ __  __ _ \ \ \ \
( ( )\___ | '_ | '_| | '_ \/ _` | \ \ \ \
 \\/  ___)| |_)| | | | | || (_| |  ) ) ) )
  '  |____| .__|_| |_|_| |_\__, | / / / /
 =========|_|==============|___/=/_/_/_/
 :: Spring Boot ::                (v2.7.2)

2022-08-23 17:14:23.590  WARN 17109 --- [    Test worker] ory$DuplicateJsonObjectContextCustomizer : 

Found multiple occurrences of org.json.JSONObject on the class path:

	jar:file:/Users/siyunsmacbook/.gradle/caches/modules-2/files-2.1/org.json/json/20220320/6df2c050972619466f6dcef7654ef9bcc01dfd0/json-20220320.jar!/org/json/JSONObject.class
	jar:file:/Users/siyunsmacbook/.gradle/caches/modules-2/files-2.1/com.vaadin.external.google/android-json/0.0.20131108.vaadin1/fa26d351fe62a6a17f5cda1287c1c6110dec413f/android-json-0.0.20131108.vaadin1.jar!/org/json/JSONObject.class

You may wish to exclude one of them to ensure predictable runtime behavior

2022-08-23 17:14:23.644  INFO 17109 --- [    Test worker] com.study.board.BoardApplicationTests    : Starting BoardApplicationTests using Java 18.0.2 on siyun-iuiui-MacBookAir.local with PID 17109 (started by siyunsmacbook in /Users/siyunsmacbook/Desktop/khuromise)
2022-08-23 17:14:23.650  INFO 17109 --- [    Test worker] com.study.board.BoardApplicationTests    : No active profile set, falling back to 1 default profile: "default"
2022-08-23 17:14:25.166  INFO 17109 --- [    Test worker] .s.d.r.c.RepositoryConfigurationDelegate : Bootstrapping Spring Data JPA repositories in DEFAULT mode.
2022-08-23 17:14:25.266  INFO 17109 --- [    Test worker] .s.d.r.c.RepositoryConfigurationDelegate : Finished Spring Data repository scanning in 87 ms. Found 3 JPA repository interfaces.
2022-08-23 17:14:26.765  INFO 17109 --- [    Test worker] com.zaxxer.hikari.HikariDataSource       : HikariPool-1 - Starting...
2022-08-23 17:14:26.856  INFO 17109 --- [    Test worker] com.zaxxer.hikari.HikariDataSource       : HikariPool-1 - Start completed.
2022-08-23 17:14:27.004  INFO 17109 --- [    Test worker] o.hibernate.jpa.internal.util.LogHelper  : HHH000204: Processing PersistenceUnitInfo [name: default]
2022-08-23 17:14:27.059  INFO 17109 --- [    Test worker] org.hibernate.Version                    : HHH000412: Hibernate ORM core version 5.6.10.Final
2022-08-23 17:14:27.269  INFO 17109 --- [    Test worker] o.hibernate.annotations.common.Version   : HCANN000001: Hibernate Commons Annotations {5.1.2.Final}
2022-08-23 17:14:27.408  INFO 17109 --- [    Test worker] org.hibernate.dialect.Dialect            : HHH000400: Using dialect: org.hibernate.dialect.MariaDB106Dialect
2022-08-23 17:14:28.336  INFO 17109 --- [    Test worker] o.h.e.t.j.p.i.JtaPlatformInitiator       : HHH000490: Using JtaPlatform implementation: [org.hibernate.engine.transaction.jta.platform.internal.NoJtaPlatform]
2022-08-23 17:14:28.347  INFO 17109 --- [    Test worker] j.LocalContainerEntityManagerFactoryBean : Initialized JPA EntityManagerFactory for persistence unit 'default'
2022-08-23 17:14:30.066  WARN 17109 --- [    Test worker] JpaBaseConfiguration$JpaWebConfiguration : spring.jpa.open-in-view is enabled by default. Therefore, database queries may be performed during view rendering. Explicitly configure spring.jpa.open-in-view to disable this warning
2022-08-23 17:14:31.040  INFO 17109 --- [    Test worker] o.s.b.a.w.s.WelcomePageHandlerMapping    : Adding welcome page: class path resource [static/index.html]
2022-08-23 17:14:31.718  INFO 17109 --- [    Test worker] com.study.board.BoardApplicationTests    : Started BoardApplicationTests in 8.713 seconds (JVM running for 10.915)
]]></system-out>
  <system-err><![CDATA[]]></system-err>
</testsuite>
